<?xml version="1.0" encoding="UTF-8"?>
<!-- Generated by org.testng.reporters.JUnitReportReporter -->
<testsuite hostname="Suchetas-MacBook-Air.local" failures="0" tests="1" name="Tests.Browsersetinpropfile_Googlesearch" time="8.930" errors="0" timestamp="2021-09-23T16:01:19 BST" skipped="0">
  <testcase classname="Tests.Browsersetinpropfile_Googlesearch" name="search" time="8.930"/>
  <system-out/>
</testsuite> <!-- Tests.Browsersetinpropfile_Googlesearch -->
