<?xml version="1.0" encoding="UTF-8"?>
<!-- Generated by org.testng.reporters.JUnitReportReporter -->
<testsuite hostname="Suchetas-MacBook-Air.local" failures="0" tests="1" name="Tests.TestExtentReport_TestNG_GoogleSearch" time="11.811" errors="0" timestamp="2021-09-23T16:01:19 BST" skipped="0">
  <testcase classname="Tests.TestExtentReport_TestNG_GoogleSearch" name="test" time="11.811"/>
  <system-out/>
</testsuite> <!-- Tests.TestExtentReport_TestNG_GoogleSearch -->
