<?xml version="1.0" encoding="UTF-8"?>
<!-- Generated by org.testng.reporters.JUnitReportReporter -->
<testsuite hostname="Suchetas-MacBook-Air.local" failures="0" tests="1" name="Tests.TestNG_GooglesearchObject" time="12.242" errors="0" timestamp="2021-09-23T16:01:19 BST" skipped="0">
  <testcase classname="Tests.TestNG_GooglesearchObject" name="search" time="12.242"/>
  <system-out/>
</testsuite> <!-- Tests.TestNG_GooglesearchObject -->
